mode: set
github.com/lucasgois1/zenith-operator/api/v1alpha1/function_types.go:193.13,195.2 1 0
github.com/lucasgois1/zenith-operator/api/v1alpha1/zz_generated.deepcopy.go:30.83,32.2 1 0
github.com/lucasgois1/zenith-operator/api/v1alpha1/zz_generated.deepcopy.go:35.76,36.15 1 0
github.com/lucasgois1/zenith-operator/api/v1alpha1/zz_generated.deepcopy.go:36.15,38.3 1 0
github.com/lucasgois1/zenith-operator/api/v1alpha1/zz_generated.deepcopy.go:39.2,41.12 3 0
github.com/lucasgois1/zenith-operator/api/v1alpha1/zz_generated.deepcopy.go:45.51,47.2 1 0
github.com/lucasgois1/zenith-operator/api/v1alpha1/zz_generated.deepcopy.go:50.44,51.15 1 0
github.com/lucasgois1/zenith-operator/api/v1alpha1/zz_generated.deepcopy.go:51.15,53.3 1 0
github.com/lucasgois1/zenith-operator/api/v1alpha1/zz_generated.deepcopy.go:54.2,56.12 3 0
github.com/lucasgois1/zenith-operator/api/v1alpha1/zz_generated.deepcopy.go:60.53,62.2 1 0
github.com/lucasgois1/zenith-operator/api/v1alpha1/zz_generated.deepcopy.go:65.46,66.15 1 0
github.com/lucasgois1/zenith-operator/api/v1alpha1/zz_generated.deepcopy.go:66.15,68.3 1 0
github.com/lucasgois1/zenith-operator/api/v1alpha1/zz_generated.deepcopy.go:69.2,71.12 3 0
github.com/lucasgois1/zenith-operator/api/v1alpha1/zz_generated.deepcopy.go:75.53,78.19 3 0
github.com/lucasgois1/zenith-operator/api/v1alpha1/zz_generated.deepcopy.go:78.19,81.22 3 0
github.com/lucasgois1/zenith-operator/api/v1alpha1/zz_generated.deepcopy.go:81.22,83.4 1 0
github.com/lucasgois1/zenith-operator/api/v1alpha1/zz_generated.deepcopy.go:85.2,85.23 1 0
github.com/lucasgois1/zenith-operator/api/v1alpha1/zz_generated.deepcopy.go:85.23,88.22 3 0
github.com/lucasgois1/zenith-operator/api/v1alpha1/zz_generated.deepcopy.go:88.22,90.4 1 0
github.com/lucasgois1/zenith-operator/api/v1alpha1/zz_generated.deepcopy.go:95.46,96.15 1 0
github.com/lucasgois1/zenith-operator/api/v1alpha1/zz_generated.deepcopy.go:96.15,98.3 1 0
github.com/lucasgois1/zenith-operator/api/v1alpha1/zz_generated.deepcopy.go:99.2,101.12 3 0
github.com/lucasgois1/zenith-operator/api/v1alpha1/zz_generated.deepcopy.go:105.57,107.23 2 0
github.com/lucasgois1/zenith-operator/api/v1alpha1/zz_generated.deepcopy.go:107.23,110.29 3 0
github.com/lucasgois1/zenith-operator/api/v1alpha1/zz_generated.deepcopy.go:110.29,112.4 1 0
github.com/lucasgois1/zenith-operator/api/v1alpha1/zz_generated.deepcopy.go:117.50,118.15 1 0
github.com/lucasgois1/zenith-operator/api/v1alpha1/zz_generated.deepcopy.go:118.15,120.3 1 0
github.com/lucasgois1/zenith-operator/api/v1alpha1/zz_generated.deepcopy.go:121.2,123.12 3 0
github.com/lucasgois1/zenith-operator/api/v1alpha1/zz_generated.deepcopy.go:127.49,133.2 5 0
github.com/lucasgois1/zenith-operator/api/v1alpha1/zz_generated.deepcopy.go:136.42,137.15 1 0
github.com/lucasgois1/zenith-operator/api/v1alpha1/zz_generated.deepcopy.go:137.15,139.3 1 0
github.com/lucasgois1/zenith-operator/api/v1alpha1/zz_generated.deepcopy.go:140.2,142.12 3 0
github.com/lucasgois1/zenith-operator/api/v1alpha1/zz_generated.deepcopy.go:146.53,147.34 1 0
github.com/lucasgois1/zenith-operator/api/v1alpha1/zz_generated.deepcopy.go:147.34,149.3 1 0
github.com/lucasgois1/zenith-operator/api/v1alpha1/zz_generated.deepcopy.go:150.2,150.12 1 0
github.com/lucasgois1/zenith-operator/api/v1alpha1/zz_generated.deepcopy.go:154.57,158.21 4 0
github.com/lucasgois1/zenith-operator/api/v1alpha1/zz_generated.deepcopy.go:158.21,161.22 3 0
github.com/lucasgois1/zenith-operator/api/v1alpha1/zz_generated.deepcopy.go:161.22,163.4 1 0
github.com/lucasgois1/zenith-operator/api/v1alpha1/zz_generated.deepcopy.go:168.50,169.15 1 0
github.com/lucasgois1/zenith-operator/api/v1alpha1/zz_generated.deepcopy.go:169.15,171.3 1 0
github.com/lucasgois1/zenith-operator/api/v1alpha1/zz_generated.deepcopy.go:172.2,174.12 3 0
github.com/lucasgois1/zenith-operator/api/v1alpha1/zz_generated.deepcopy.go:178.57,179.34 1 0
github.com/lucasgois1/zenith-operator/api/v1alpha1/zz_generated.deepcopy.go:179.34,181.3 1 0
github.com/lucasgois1/zenith-operator/api/v1alpha1/zz_generated.deepcopy.go:182.2,182.12 1 0
github.com/lucasgois1/zenith-operator/api/v1alpha1/zz_generated.deepcopy.go:186.57,192.2 5 0
github.com/lucasgois1/zenith-operator/api/v1alpha1/zz_generated.deepcopy.go:195.50,196.15 1 0
github.com/lucasgois1/zenith-operator/api/v1alpha1/zz_generated.deepcopy.go:196.15,198.3 1 0
github.com/lucasgois1/zenith-operator/api/v1alpha1/zz_generated.deepcopy.go:199.2,201.12 3 0
github.com/lucasgois1/zenith-operator/api/v1alpha1/zz_generated.deepcopy.go:205.61,207.26 2 0
github.com/lucasgois1/zenith-operator/api/v1alpha1/zz_generated.deepcopy.go:207.26,210.22 3 0
github.com/lucasgois1/zenith-operator/api/v1alpha1/zz_generated.deepcopy.go:210.22,212.4 1 0
github.com/lucasgois1/zenith-operator/api/v1alpha1/zz_generated.deepcopy.go:217.54,218.15 1 0
github.com/lucasgois1/zenith-operator/api/v1alpha1/zz_generated.deepcopy.go:218.15,220.3 1 0
github.com/lucasgois1/zenith-operator/api/v1alpha1/zz_generated.deepcopy.go:221.2,223.12 3 0
github.com/lucasgois1/zenith-operator/api/v1alpha1/zz_generated.deepcopy.go:227.67,230.2 2 0
github.com/lucasgois1/zenith-operator/api/v1alpha1/zz_generated.deepcopy.go:233.60,234.15 1 0
github.com/lucasgois1/zenith-operator/api/v1alpha1/zz_generated.deepcopy.go:234.15,236.3 1 0
github.com/lucasgois1/zenith-operator/api/v1alpha1/zz_generated.deepcopy.go:237.2,239.12 3 0
github.com/lucasgois1/zenith-operator/api/v1alpha1/zz_generated.deepcopy.go:243.59,245.28 2 0
github.com/lucasgois1/zenith-operator/api/v1alpha1/zz_generated.deepcopy.go:245.28,249.3 3 0
github.com/lucasgois1/zenith-operator/api/v1alpha1/zz_generated.deepcopy.go:250.2,250.35 1 0
github.com/lucasgois1/zenith-operator/api/v1alpha1/zz_generated.deepcopy.go:250.35,254.3 3 0
github.com/lucasgois1/zenith-operator/api/v1alpha1/zz_generated.deepcopy.go:258.52,259.15 1 0
github.com/lucasgois1/zenith-operator/api/v1alpha1/zz_generated.deepcopy.go:259.15,261.3 1 0
github.com/lucasgois1/zenith-operator/api/v1alpha1/zz_generated.deepcopy.go:262.2,264.12 3 0
github.com/lucasgois1/zenith-operator/cmd/main.go:53.13,60.2 5 0
github.com/lucasgois1/zenith-operator/cmd/main.go:63.13,103.38 24 0
github.com/lucasgois1/zenith-operator/cmd/main.go:103.38,106.3 2 0
github.com/lucasgois1/zenith-operator/cmd/main.go:108.2,108.18 1 0
github.com/lucasgois1/zenith-operator/cmd/main.go:108.18,110.3 1 0
github.com/lucasgois1/zenith-operator/cmd/main.go:113.2,118.30 3 0
github.com/lucasgois1/zenith-operator/cmd/main.go:118.30,127.17 4 0
github.com/lucasgois1/zenith-operator/cmd/main.go:127.17,130.4 2 0
github.com/lucasgois1/zenith-operator/cmd/main.go:132.3,132.68 1 0
github.com/lucasgois1/zenith-operator/cmd/main.go:132.68,134.4 1 0
github.com/lucasgois1/zenith-operator/cmd/main.go:137.2,151.19 3 0
github.com/lucasgois1/zenith-operator/cmd/main.go:151.19,157.3 1 0
github.com/lucasgois1/zenith-operator/cmd/main.go:167.2,167.30 1 0
github.com/lucasgois1/zenith-operator/cmd/main.go:167.30,176.17 4 0
github.com/lucasgois1/zenith-operator/cmd/main.go:176.17,179.4 2 0
github.com/lucasgois1/zenith-operator/cmd/main.go:181.3,181.96 1 0
github.com/lucasgois1/zenith-operator/cmd/main.go:181.96,183.4 1 0
github.com/lucasgois1/zenith-operator/cmd/main.go:186.2,205.16 2 0
github.com/lucasgois1/zenith-operator/cmd/main.go:205.16,208.3 2 0
github.com/lucasgois1/zenith-operator/cmd/main.go:210.2,213.39 1 0
github.com/lucasgois1/zenith-operator/cmd/main.go:213.39,216.3 2 0
github.com/lucasgois1/zenith-operator/cmd/main.go:219.2,219.31 1 0
github.com/lucasgois1/zenith-operator/cmd/main.go:219.31,221.53 2 0
github.com/lucasgois1/zenith-operator/cmd/main.go:221.53,224.4 2 0
github.com/lucasgois1/zenith-operator/cmd/main.go:227.2,227.31 1 0
github.com/lucasgois1/zenith-operator/cmd/main.go:227.31,229.53 2 0
github.com/lucasgois1/zenith-operator/cmd/main.go:229.53,232.4 2 0
github.com/lucasgois1/zenith-operator/cmd/main.go:235.2,235.69 1 0
github.com/lucasgois1/zenith-operator/cmd/main.go:235.69,238.3 2 0
github.com/lucasgois1/zenith-operator/cmd/main.go:239.2,239.67 1 0
github.com/lucasgois1/zenith-operator/cmd/main.go:239.67,242.3 2 0
github.com/lucasgois1/zenith-operator/cmd/main.go:244.2,245.61 2 0
github.com/lucasgois1/zenith-operator/cmd/main.go:245.61,248.3 2 0
github.com/lucasgois1/zenith-operator/test/utils/utils.go:39.27,41.2 1 0
github.com/lucasgois1/zenith-operator/test/utils/utils.go:44.41,48.42 3 0
github.com/lucasgois1/zenith-operator/test/utils/utils.go:48.42,50.3 1 0
github.com/lucasgois1/zenith-operator/test/utils/utils.go:52.2,56.16 5 0
github.com/lucasgois1/zenith-operator/test/utils/utils.go:56.16,58.3 1 0
github.com/lucasgois1/zenith-operator/test/utils/utils.go:60.2,60.28 1 0
github.com/lucasgois1/zenith-operator/test/utils/utils.go:64.40,69.2 4 0
github.com/lucasgois1/zenith-operator/test/utils/utils.go:72.36,75.36 3 0
github.com/lucasgois1/zenith-operator/test/utils/utils.go:75.36,77.3 1 0
github.com/lucasgois1/zenith-operator/test/utils/utils.go:82.39,92.16 4 0
github.com/lucasgois1/zenith-operator/test/utils/utils.go:92.16,94.3 1 0
github.com/lucasgois1/zenith-operator/test/utils/utils.go:95.2,96.37 2 0
github.com/lucasgois1/zenith-operator/test/utils/utils.go:96.37,97.32 1 0
github.com/lucasgois1/zenith-operator/test/utils/utils.go:97.32,98.35 1 0
github.com/lucasgois1/zenith-operator/test/utils/utils.go:98.35,100.5 1 0
github.com/lucasgois1/zenith-operator/test/utils/utils.go:104.2,104.14 1 0
github.com/lucasgois1/zenith-operator/test/utils/utils.go:108.29,111.36 3 0
github.com/lucasgois1/zenith-operator/test/utils/utils.go:111.36,113.3 1 0
github.com/lucasgois1/zenith-operator/test/utils/utils.go:117.33,120.36 3 0
github.com/lucasgois1/zenith-operator/test/utils/utils.go:120.36,122.3 1 0
github.com/lucasgois1/zenith-operator/test/utils/utils.go:125.2,132.12 3 0
github.com/lucasgois1/zenith-operator/test/utils/utils.go:137.40,151.16 4 0
github.com/lucasgois1/zenith-operator/test/utils/utils.go:151.16,153.3 1 0
github.com/lucasgois1/zenith-operator/test/utils/utils.go:156.2,157.38 2 0
github.com/lucasgois1/zenith-operator/test/utils/utils.go:157.38,158.32 1 0
github.com/lucasgois1/zenith-operator/test/utils/utils.go:158.32,159.35 1 0
github.com/lucasgois1/zenith-operator/test/utils/utils.go:159.35,161.5 1 0
github.com/lucasgois1/zenith-operator/test/utils/utils.go:165.2,165.14 1 0
github.com/lucasgois1/zenith-operator/test/utils/utils.go:169.56,171.47 2 0
github.com/lucasgois1/zenith-operator/test/utils/utils.go:171.47,173.3 1 0
github.com/lucasgois1/zenith-operator/test/utils/utils.go:174.2,177.12 4 0
github.com/lucasgois1/zenith-operator/test/utils/utils.go:182.47,185.35 3 0
github.com/lucasgois1/zenith-operator/test/utils/utils.go:185.35,186.20 1 0
github.com/lucasgois1/zenith-operator/test/utils/utils.go:186.20,188.4 1 0
github.com/lucasgois1/zenith-operator/test/utils/utils.go:191.2,191.12 1 0
github.com/lucasgois1/zenith-operator/test/utils/utils.go:195.38,197.16 2 0
github.com/lucasgois1/zenith-operator/test/utils/utils.go:197.16,199.3 1 0
github.com/lucasgois1/zenith-operator/test/utils/utils.go:200.2,201.16 2 0
github.com/lucasgois1/zenith-operator/test/utils/utils.go:206.59,210.16 2 0
github.com/lucasgois1/zenith-operator/test/utils/utils.go:210.16,212.3 1 0
github.com/lucasgois1/zenith-operator/test/utils/utils.go:213.2,216.13 3 0
github.com/lucasgois1/zenith-operator/test/utils/utils.go:216.13,218.3 1 0
github.com/lucasgois1/zenith-operator/test/utils/utils.go:220.2,222.16 3 0
github.com/lucasgois1/zenith-operator/test/utils/utils.go:222.16,224.3 1 0
github.com/lucasgois1/zenith-operator/test/utils/utils.go:226.2,227.21 2 0
github.com/lucasgois1/zenith-operator/test/utils/utils.go:227.21,229.3 1 0
github.com/lucasgois1/zenith-operator/test/utils/utils.go:230.2,230.6 1 0
github.com/lucasgois1/zenith-operator/test/utils/utils.go:230.6,231.87 1 0
github.com/lucasgois1/zenith-operator/test/utils/utils.go:231.87,233.4 1 0
github.com/lucasgois1/zenith-operator/test/utils/utils.go:235.3,235.22 1 0
github.com/lucasgois1/zenith-operator/test/utils/utils.go:235.22,236.9 1 0
github.com/lucasgois1/zenith-operator/test/utils/utils.go:238.3,238.49 1 0
github.com/lucasgois1/zenith-operator/test/utils/utils.go:238.49,240.4 1 0
github.com/lucasgois1/zenith-operator/test/utils/utils.go:243.2,243.63 1 0
github.com/lucasgois1/zenith-operator/test/utils/utils.go:243.63,245.3 1 0
github.com/lucasgois1/zenith-operator/test/utils/utils.go:249.2,249.65 1 0
github.com/lucasgois1/zenith-operator/test/utils/utils.go:249.65,251.3 1 0
github.com/lucasgois1/zenith-operator/test/utils/utils.go:253.2,253.12 1 0
github.com/lucasgois1/zenith-operator/internal/controller/function_controller.go:83.100,88.66 3 1
github.com/lucasgois1/zenith-operator/internal/controller/function_controller.go:88.66,91.3 2 0
github.com/lucasgois1/zenith-operator/internal/controller/function_controller.go:93.2,98.42 5 1
github.com/lucasgois1/zenith-operator/internal/controller/function_controller.go:98.42,111.100 3 1
github.com/lucasgois1/zenith-operator/internal/controller/function_controller.go:111.100,114.4 2 0
github.com/lucasgois1/zenith-operator/internal/controller/function_controller.go:116.3,116.55 1 1
github.com/lucasgois1/zenith-operator/internal/controller/function_controller.go:116.55,119.4 2 0
github.com/lucasgois1/zenith-operator/internal/controller/function_controller.go:121.3,122.53 2 1
github.com/lucasgois1/zenith-operator/internal/controller/function_controller.go:123.8,123.23 1 1
github.com/lucasgois1/zenith-operator/internal/controller/function_controller.go:123.23,126.3 2 0
github.com/lucasgois1/zenith-operator/internal/controller/function_controller.go:129.2,132.25 3 1
github.com/lucasgois1/zenith-operator/internal/controller/function_controller.go:132.25,135.121 2 1
github.com/lucasgois1/zenith-operator/internal/controller/function_controller.go:135.121,136.30 1 1
github.com/lucasgois1/zenith-operator/internal/controller/function_controller.go:136.30,146.61 4 1
github.com/lucasgois1/zenith-operator/internal/controller/function_controller.go:146.61,148.6 1 0
github.com/lucasgois1/zenith-operator/internal/controller/function_controller.go:149.5,149.60 1 1
github.com/lucasgois1/zenith-operator/internal/controller/function_controller.go:151.4,151.29 1 0
github.com/lucasgois1/zenith-operator/internal/controller/function_controller.go:155.3,156.52 2 1
github.com/lucasgois1/zenith-operator/internal/controller/function_controller.go:156.52,157.39 1 0
github.com/lucasgois1/zenith-operator/internal/controller/function_controller.go:157.39,159.10 2 0
github.com/lucasgois1/zenith-operator/internal/controller/function_controller.go:162.3,162.13 1 1
github.com/lucasgois1/zenith-operator/internal/controller/function_controller.go:162.13,166.4 3 1
github.com/lucasgois1/zenith-operator/internal/controller/function_controller.go:169.2,170.30 2 1
github.com/lucasgois1/zenith-operator/internal/controller/function_controller.go:170.30,173.61 2 1
github.com/lucasgois1/zenith-operator/internal/controller/function_controller.go:173.61,174.44 1 0
github.com/lucasgois1/zenith-operator/internal/controller/function_controller.go:174.44,176.10 2 0
github.com/lucasgois1/zenith-operator/internal/controller/function_controller.go:179.3,179.13 1 1
github.com/lucasgois1/zenith-operator/internal/controller/function_controller.go:179.13,183.4 3 1
github.com/lucasgois1/zenith-operator/internal/controller/function_controller.go:187.2,187.17 1 1
github.com/lucasgois1/zenith-operator/internal/controller/function_controller.go:187.17,188.55 1 1
github.com/lucasgois1/zenith-operator/internal/controller/function_controller.go:188.55,191.4 2 0
github.com/lucasgois1/zenith-operator/internal/controller/function_controller.go:192.3,193.53 2 1
github.com/lucasgois1/zenith-operator/internal/controller/function_controller.go:196.2,203.42 4 1
github.com/lucasgois1/zenith-operator/internal/controller/function_controller.go:203.42,207.70 2 1
github.com/lucasgois1/zenith-operator/internal/controller/function_controller.go:207.70,218.72 5 0
github.com/lucasgois1/zenith-operator/internal/controller/function_controller.go:218.72,220.5 1 0
github.com/lucasgois1/zenith-operator/internal/controller/function_controller.go:221.4,221.59 1 0
github.com/lucasgois1/zenith-operator/internal/controller/function_controller.go:225.3,225.93 1 1
github.com/lucasgois1/zenith-operator/internal/controller/function_controller.go:225.93,227.4 1 1
github.com/lucasgois1/zenith-operator/internal/controller/function_controller.go:230.3,234.100 2 1
github.com/lucasgois1/zenith-operator/internal/controller/function_controller.go:234.100,237.4 2 0
github.com/lucasgois1/zenith-operator/internal/controller/function_controller.go:240.3,240.55 1 1
github.com/lucasgois1/zenith-operator/internal/controller/function_controller.go:240.55,243.4 2 0
github.com/lucasgois1/zenith-operator/internal/controller/function_controller.go:246.3,260.59 5 1
github.com/lucasgois1/zenith-operator/internal/controller/function_controller.go:260.59,263.4 2 0
github.com/lucasgois1/zenith-operator/internal/controller/function_controller.go:267.3,267.53 1 1
github.com/lucasgois1/zenith-operator/internal/controller/function_controller.go:268.8,268.23 1 1
github.com/lucasgois1/zenith-operator/internal/controller/function_controller.go:268.23,272.3 2 0
github.com/lucasgois1/zenith-operator/internal/controller/function_controller.go:275.2,280.27 2 1
github.com/lucasgois1/zenith-operator/internal/controller/function_controller.go:280.27,284.3 2 0
github.com/lucasgois1/zenith-operator/internal/controller/function_controller.go:287.2,287.29 1 1
github.com/lucasgois1/zenith-operator/internal/controller/function_controller.go:287.29,305.59 6 1
github.com/lucasgois1/zenith-operator/internal/controller/function_controller.go:305.59,307.4 1 0
github.com/lucasgois1/zenith-operator/internal/controller/function_controller.go:308.3,308.28 1 1
github.com/lucasgois1/zenith-operator/internal/controller/function_controller.go:312.2,314.52 3 1
github.com/lucasgois1/zenith-operator/internal/controller/function_controller.go:314.52,316.40 1 1
github.com/lucasgois1/zenith-operator/internal/controller/function_controller.go:316.40,318.9 2 1
github.com/lucasgois1/zenith-operator/internal/controller/function_controller.go:322.2,322.23 1 1
github.com/lucasgois1/zenith-operator/internal/controller/function_controller.go:322.23,332.59 4 0
github.com/lucasgois1/zenith-operator/internal/controller/function_controller.go:332.59,334.4 1 0
github.com/lucasgois1/zenith-operator/internal/controller/function_controller.go:336.3,336.28 1 0
github.com/lucasgois1/zenith-operator/internal/controller/function_controller.go:341.2,352.58 6 1
github.com/lucasgois1/zenith-operator/internal/controller/function_controller.go:352.58,354.3 1 0
github.com/lucasgois1/zenith-operator/internal/controller/function_controller.go:356.2,359.119 2 1
github.com/lucasgois1/zenith-operator/internal/controller/function_controller.go:359.119,361.3 1 0
github.com/lucasgois1/zenith-operator/internal/controller/function_controller.go:365.2,365.41 1 1
github.com/lucasgois1/zenith-operator/internal/controller/function_controller.go:365.41,369.17 4 1
github.com/lucasgois1/zenith-operator/internal/controller/function_controller.go:369.17,370.30 1 1
github.com/lucasgois1/zenith-operator/internal/controller/function_controller.go:370.30,380.61 5 1
github.com/lucasgois1/zenith-operator/internal/controller/function_controller.go:380.61,382.6 1 0
github.com/lucasgois1/zenith-operator/internal/controller/function_controller.go:383.5,383.60 1 1
github.com/lucasgois1/zenith-operator/internal/controller/function_controller.go:385.4,386.29 2 0
github.com/lucasgois1/zenith-operator/internal/controller/function_controller.go:388.3,388.69 1 1
github.com/lucasgois1/zenith-operator/internal/controller/function_controller.go:391.2,401.42 5 1
github.com/lucasgois1/zenith-operator/internal/controller/function_controller.go:401.42,407.97 2 1
github.com/lucasgois1/zenith-operator/internal/controller/function_controller.go:407.97,410.4 2 0
github.com/lucasgois1/zenith-operator/internal/controller/function_controller.go:413.3,413.52 1 1
github.com/lucasgois1/zenith-operator/internal/controller/function_controller.go:413.52,416.4 2 0
github.com/lucasgois1/zenith-operator/internal/controller/function_controller.go:418.3,421.53 2 1
github.com/lucasgois1/zenith-operator/internal/controller/function_controller.go:423.8,423.23 1 1
github.com/lucasgois1/zenith-operator/internal/controller/function_controller.go:423.23,427.3 2 0
github.com/lucasgois1/zenith-operator/internal/controller/function_controller.go:431.2,439.59 4 1
github.com/lucasgois1/zenith-operator/internal/controller/function_controller.go:439.59,441.3 1 1
github.com/lucasgois1/zenith-operator/internal/controller/function_controller.go:442.2,444.34 2 1
github.com/lucasgois1/zenith-operator/internal/controller/function_controller.go:444.34,447.3 2 1
github.com/lucasgois1/zenith-operator/internal/controller/function_controller.go:451.2,451.97 1 1
github.com/lucasgois1/zenith-operator/internal/controller/function_controller.go:451.97,453.3 1 0
github.com/lucasgois1/zenith-operator/internal/controller/function_controller.go:453.8,454.59 1 1
github.com/lucasgois1/zenith-operator/internal/controller/function_controller.go:454.59,455.56 1 0
github.com/lucasgois1/zenith-operator/internal/controller/function_controller.go:455.56,458.10 3 0
github.com/lucasgois1/zenith-operator/internal/controller/function_controller.go:464.2,464.113 1 1
github.com/lucasgois1/zenith-operator/internal/controller/function_controller.go:464.113,471.41 5 1
github.com/lucasgois1/zenith-operator/internal/controller/function_controller.go:471.41,474.4 2 0
github.com/lucasgois1/zenith-operator/internal/controller/function_controller.go:474.9,479.38 3 1
github.com/lucasgois1/zenith-operator/internal/controller/function_controller.go:479.38,482.5 2 0
github.com/lucasgois1/zenith-operator/internal/controller/function_controller.go:486.3,486.19 1 1
github.com/lucasgois1/zenith-operator/internal/controller/function_controller.go:486.19,487.50 1 1
github.com/lucasgois1/zenith-operator/internal/controller/function_controller.go:487.50,490.5 2 0
github.com/lucasgois1/zenith-operator/internal/controller/function_controller.go:490.10,493.47 3 1
github.com/lucasgois1/zenith-operator/internal/controller/function_controller.go:493.47,496.6 2 0
github.com/lucasgois1/zenith-operator/internal/controller/function_controller.go:502.2,502.17 1 1
github.com/lucasgois1/zenith-operator/internal/controller/function_controller.go:502.17,506.55 3 1
github.com/lucasgois1/zenith-operator/internal/controller/function_controller.go:506.55,509.4 2 0
github.com/lucasgois1/zenith-operator/internal/controller/function_controller.go:510.3,511.53 2 1
github.com/lucasgois1/zenith-operator/internal/controller/function_controller.go:514.2,518.38 2 1
github.com/lucasgois1/zenith-operator/internal/controller/function_controller.go:518.38,520.3 1 0
github.com/lucasgois1/zenith-operator/internal/controller/function_controller.go:522.2,523.22 2 1
github.com/lucasgois1/zenith-operator/internal/controller/function_controller.go:523.22,532.59 4 0
github.com/lucasgois1/zenith-operator/internal/controller/function_controller.go:532.59,534.4 1 0
github.com/lucasgois1/zenith-operator/internal/controller/function_controller.go:535.3,535.58 1 0
github.com/lucasgois1/zenith-operator/internal/controller/function_controller.go:538.2,538.25 1 1
github.com/lucasgois1/zenith-operator/internal/controller/function_controller.go:538.25,547.59 4 0
github.com/lucasgois1/zenith-operator/internal/controller/function_controller.go:547.59,549.4 1 0
github.com/lucasgois1/zenith-operator/internal/controller/function_controller.go:550.3,550.58 1 0
github.com/lucasgois1/zenith-operator/internal/controller/function_controller.go:553.2,553.27 1 1
github.com/lucasgois1/zenith-operator/internal/controller/function_controller.go:553.27,562.59 4 0
github.com/lucasgois1/zenith-operator/internal/controller/function_controller.go:562.59,564.4 1 0
github.com/lucasgois1/zenith-operator/internal/controller/function_controller.go:565.3,565.58 1 0
github.com/lucasgois1/zenith-operator/internal/controller/function_controller.go:568.2,571.41 2 1
github.com/lucasgois1/zenith-operator/internal/controller/function_controller.go:571.41,576.17 4 1
github.com/lucasgois1/zenith-operator/internal/controller/function_controller.go:576.17,578.57 2 1
github.com/lucasgois1/zenith-operator/internal/controller/function_controller.go:578.57,581.5 2 0
github.com/lucasgois1/zenith-operator/internal/controller/function_controller.go:582.4,583.54 2 1
github.com/lucasgois1/zenith-operator/internal/controller/function_controller.go:584.9,584.37 1 0
github.com/lucasgois1/zenith-operator/internal/controller/function_controller.go:584.37,587.4 2 0
github.com/lucasgois1/zenith-operator/internal/controller/function_controller.go:589.3,597.59 4 0
github.com/lucasgois1/zenith-operator/internal/controller/function_controller.go:597.59,599.4 1 0
github.com/lucasgois1/zenith-operator/internal/controller/function_controller.go:600.3,600.28 1 0
github.com/lucasgois1/zenith-operator/internal/controller/function_controller.go:604.2,608.42 4 1
github.com/lucasgois1/zenith-operator/internal/controller/function_controller.go:608.42,615.96 2 1
github.com/lucasgois1/zenith-operator/internal/controller/function_controller.go:615.96,617.4 1 0
github.com/lucasgois1/zenith-operator/internal/controller/function_controller.go:620.3,621.51 2 1
github.com/lucasgois1/zenith-operator/internal/controller/function_controller.go:621.51,623.4 1 0
github.com/lucasgois1/zenith-operator/internal/controller/function_controller.go:625.3,634.59 4 1
github.com/lucasgois1/zenith-operator/internal/controller/function_controller.go:634.59,636.4 1 0
github.com/lucasgois1/zenith-operator/internal/controller/function_controller.go:637.3,637.28 1 1
github.com/lucasgois1/zenith-operator/internal/controller/function_controller.go:638.8,638.23 1 1
github.com/lucasgois1/zenith-operator/internal/controller/function_controller.go:638.23,642.3 2 0
github.com/lucasgois1/zenith-operator/internal/controller/function_controller.go:646.2,654.55 4 1
github.com/lucasgois1/zenith-operator/internal/controller/function_controller.go:654.55,657.3 2 0
github.com/lucasgois1/zenith-operator/internal/controller/function_controller.go:661.2,664.52 3 1
github.com/lucasgois1/zenith-operator/internal/controller/function_controller.go:664.52,666.3 1 0
github.com/lucasgois1/zenith-operator/internal/controller/function_controller.go:666.8,666.59 1 1
github.com/lucasgois1/zenith-operator/internal/controller/function_controller.go:666.59,668.3 1 0
github.com/lucasgois1/zenith-operator/internal/controller/function_controller.go:668.8,668.59 1 1
github.com/lucasgois1/zenith-operator/internal/controller/function_controller.go:668.59,670.71 1 1
github.com/lucasgois1/zenith-operator/internal/controller/function_controller.go:670.71,672.4 1 1
github.com/lucasgois1/zenith-operator/internal/controller/function_controller.go:672.9,673.48 1 0
github.com/lucasgois1/zenith-operator/internal/controller/function_controller.go:673.48,674.42 1 0
github.com/lucasgois1/zenith-operator/internal/controller/function_controller.go:674.42,677.11 3 0
github.com/lucasgois1/zenith-operator/internal/controller/function_controller.go:684.2,684.17 1 1
github.com/lucasgois1/zenith-operator/internal/controller/function_controller.go:684.17,688.48 3 1
github.com/lucasgois1/zenith-operator/internal/controller/function_controller.go:688.48,691.4 2 0
github.com/lucasgois1/zenith-operator/internal/controller/function_controller.go:692.3,693.53 2 1
github.com/lucasgois1/zenith-operator/internal/controller/function_controller.go:696.2,706.58 5 0
github.com/lucasgois1/zenith-operator/internal/controller/function_controller.go:706.58,708.3 1 0
github.com/lucasgois1/zenith-operator/internal/controller/function_controller.go:710.2,710.27 1 0
github.com/lucasgois1/zenith-operator/internal/controller/function_controller.go:719.132,721.50 1 1
github.com/lucasgois1/zenith-operator/internal/controller/function_controller.go:721.50,722.30 1 1
github.com/lucasgois1/zenith-operator/internal/controller/function_controller.go:722.30,723.12 1 0
github.com/lucasgois1/zenith-operator/internal/controller/function_controller.go:726.3,726.43 1 1
github.com/lucasgois1/zenith-operator/internal/controller/function_controller.go:726.43,727.127 1 1
github.com/lucasgois1/zenith-operator/internal/controller/function_controller.go:727.127,729.5 1 1
github.com/lucasgois1/zenith-operator/internal/controller/function_controller.go:732.3,732.46 1 1
github.com/lucasgois1/zenith-operator/internal/controller/function_controller.go:732.46,733.133 1 1
github.com/lucasgois1/zenith-operator/internal/controller/function_controller.go:733.133,735.5 1 1
github.com/lucasgois1/zenith-operator/internal/controller/function_controller.go:740.2,740.61 1 1
github.com/lucasgois1/zenith-operator/internal/controller/function_controller.go:740.61,741.37 1 1
github.com/lucasgois1/zenith-operator/internal/controller/function_controller.go:741.37,742.127 1 1
github.com/lucasgois1/zenith-operator/internal/controller/function_controller.go:742.127,744.5 1 1
github.com/lucasgois1/zenith-operator/internal/controller/function_controller.go:747.3,747.40 1 1
github.com/lucasgois1/zenith-operator/internal/controller/function_controller.go:747.40,748.133 1 1
github.com/lucasgois1/zenith-operator/internal/controller/function_controller.go:748.133,750.5 1 1
github.com/lucasgois1/zenith-operator/internal/controller/function_controller.go:754.2,754.27 1 1
github.com/lucasgois1/zenith-operator/internal/controller/function_controller.go:757.161,761.54 2 1
github.com/lucasgois1/zenith-operator/internal/controller/function_controller.go:761.54,763.3 1 0
github.com/lucasgois1/zenith-operator/internal/controller/function_controller.go:765.2,767.42 3 1
github.com/lucasgois1/zenith-operator/internal/controller/function_controller.go:767.42,777.58 5 1
github.com/lucasgois1/zenith-operator/internal/controller/function_controller.go:777.58,779.4 1 0
github.com/lucasgois1/zenith-operator/internal/controller/function_controller.go:780.3,780.58 1 1
github.com/lucasgois1/zenith-operator/internal/controller/function_controller.go:781.8,781.23 1 0
github.com/lucasgois1/zenith-operator/internal/controller/function_controller.go:781.23,784.3 2 0
github.com/lucasgois1/zenith-operator/internal/controller/function_controller.go:786.2,786.27 1 0
github.com/lucasgois1/zenith-operator/internal/controller/function_controller.go:789.170,793.60 2 1
github.com/lucasgois1/zenith-operator/internal/controller/function_controller.go:793.60,795.3 1 0
github.com/lucasgois1/zenith-operator/internal/controller/function_controller.go:797.2,799.42 3 1
github.com/lucasgois1/zenith-operator/internal/controller/function_controller.go:799.42,809.58 5 1
github.com/lucasgois1/zenith-operator/internal/controller/function_controller.go:809.58,811.4 1 0
github.com/lucasgois1/zenith-operator/internal/controller/function_controller.go:812.3,812.58 1 1
github.com/lucasgois1/zenith-operator/internal/controller/function_controller.go:813.8,813.23 1 0
github.com/lucasgois1/zenith-operator/internal/controller/function_controller.go:813.23,816.3 2 0
github.com/lucasgois1/zenith-operator/internal/controller/function_controller.go:818.2,818.27 1 0
github.com/lucasgois1/zenith-operator/internal/controller/function_controller.go:821.165,825.54 2 1
github.com/lucasgois1/zenith-operator/internal/controller/function_controller.go:825.54,827.3 1 0
github.com/lucasgois1/zenith-operator/internal/controller/function_controller.go:829.2,831.42 3 1
github.com/lucasgois1/zenith-operator/internal/controller/function_controller.go:831.42,841.58 5 1
github.com/lucasgois1/zenith-operator/internal/controller/function_controller.go:841.58,843.4 1 0
github.com/lucasgois1/zenith-operator/internal/controller/function_controller.go:844.3,844.58 1 1
github.com/lucasgois1/zenith-operator/internal/controller/function_controller.go:845.8,845.23 1 0
github.com/lucasgois1/zenith-operator/internal/controller/function_controller.go:845.23,848.3 2 0
github.com/lucasgois1/zenith-operator/internal/controller/function_controller.go:850.2,850.27 1 0
github.com/lucasgois1/zenith-operator/internal/controller/function_controller.go:853.174,857.60 2 1
github.com/lucasgois1/zenith-operator/internal/controller/function_controller.go:857.60,859.3 1 0
github.com/lucasgois1/zenith-operator/internal/controller/function_controller.go:861.2,863.42 3 1
github.com/lucasgois1/zenith-operator/internal/controller/function_controller.go:863.42,873.58 5 1
github.com/lucasgois1/zenith-operator/internal/controller/function_controller.go:873.58,875.4 1 0
github.com/lucasgois1/zenith-operator/internal/controller/function_controller.go:876.3,876.58 1 1
github.com/lucasgois1/zenith-operator/internal/controller/function_controller.go:877.8,877.23 1 0
github.com/lucasgois1/zenith-operator/internal/controller/function_controller.go:877.23,880.3 2 0
github.com/lucasgois1/zenith-operator/internal/controller/function_controller.go:882.2,882.27 1 0
github.com/lucasgois1/zenith-operator/internal/controller/function_controller.go:892.105,901.30 3 1
github.com/lucasgois1/zenith-operator/internal/controller/function_controller.go:901.30,906.3 1 0
github.com/lucasgois1/zenith-operator/internal/controller/function_controller.go:908.2,908.15 1 1
github.com/lucasgois1/zenith-operator/internal/controller/function_controller.go:921.79,923.72 1 1
github.com/lucasgois1/zenith-operator/internal/controller/function_controller.go:923.72,925.3 1 1
github.com/lucasgois1/zenith-operator/internal/controller/function_controller.go:927.2,928.21 2 1
github.com/lucasgois1/zenith-operator/internal/controller/function_controller.go:928.21,930.3 1 0
github.com/lucasgois1/zenith-operator/internal/controller/function_controller.go:932.2,932.21 1 1
github.com/lucasgois1/zenith-operator/internal/controller/function_controller.go:932.21,934.3 1 1
github.com/lucasgois1/zenith-operator/internal/controller/function_controller.go:936.2,938.63 2 1
github.com/lucasgois1/zenith-operator/internal/controller/function_controller.go:938.63,940.3 1 1
github.com/lucasgois1/zenith-operator/internal/controller/function_controller.go:942.2,943.53 1 1
github.com/lucasgois1/zenith-operator/internal/controller/function_controller.go:943.53,945.3 1 1
github.com/lucasgois1/zenith-operator/internal/controller/function_controller.go:947.2,947.46 1 1
github.com/lucasgois1/zenith-operator/internal/controller/function_controller.go:947.46,953.60 1 1
github.com/lucasgois1/zenith-operator/internal/controller/function_controller.go:953.60,955.4 1 1
github.com/lucasgois1/zenith-operator/internal/controller/function_controller.go:959.2,959.11 1 1
github.com/lucasgois1/zenith-operator/internal/controller/function_controller.go:969.107,974.23 3 1
github.com/lucasgois1/zenith-operator/internal/controller/function_controller.go:974.23,976.3 1 1
github.com/lucasgois1/zenith-operator/internal/controller/function_controller.go:978.2,1074.3 3 1
github.com/lucasgois1/zenith-operator/internal/controller/function_controller.go:1083.109,1088.39 2 1
github.com/lucasgois1/zenith-operator/internal/controller/function_controller.go:1088.39,1095.50 4 1
github.com/lucasgois1/zenith-operator/internal/controller/function_controller.go:1095.50,1097.4 1 0
github.com/lucasgois1/zenith-operator/internal/controller/function_controller.go:1103.2,1103.115 1 1
github.com/lucasgois1/zenith-operator/internal/controller/function_controller.go:1103.115,1106.3 2 0
github.com/lucasgois1/zenith-operator/internal/controller/function_controller.go:1110.2,1111.80 2 1
github.com/lucasgois1/zenith-operator/internal/controller/function_controller.go:1111.80,1113.3 1 1
github.com/lucasgois1/zenith-operator/internal/controller/function_controller.go:1118.2,1179.13 4 1
github.com/lucasgois1/zenith-operator/internal/controller/function_controller.go:1186.95,1190.49 2 1
github.com/lucasgois1/zenith-operator/internal/controller/function_controller.go:1190.49,1211.62 5 1
github.com/lucasgois1/zenith-operator/internal/controller/function_controller.go:1211.62,1220.4 2 1
github.com/lucasgois1/zenith-operator/internal/controller/function_controller.go:1223.2,1223.50 1 1
github.com/lucasgois1/zenith-operator/internal/controller/function_controller.go:1223.50,1227.44 1 1
github.com/lucasgois1/zenith-operator/internal/controller/function_controller.go:1227.44,1229.12 2 1
github.com/lucasgois1/zenith-operator/internal/controller/function_controller.go:1233.3,1233.39 1 1
github.com/lucasgois1/zenith-operator/internal/controller/function_controller.go:1233.39,1237.21 3 1
github.com/lucasgois1/zenith-operator/internal/controller/function_controller.go:1238.25,1239.26 1 1
github.com/lucasgois1/zenith-operator/internal/controller/function_controller.go:1240.30,1241.31 1 1
github.com/lucasgois1/zenith-operator/internal/controller/function_controller.go:1242.24,1243.33 1 1
github.com/lucasgois1/zenith-operator/internal/controller/function_controller.go:1244.27,1246.15 1 1
github.com/lucasgois1/zenith-operator/internal/controller/function_controller.go:1247.32,1249.15 1 1
github.com/lucasgois1/zenith-operator/internal/controller/function_controller.go:1250.12,1252.15 1 1
github.com/lucasgois1/zenith-operator/internal/controller/function_controller.go:1255.4,1259.12 2 1
github.com/lucasgois1/zenith-operator/internal/controller/function_controller.go:1263.3,1263.47 1 1
github.com/lucasgois1/zenith-operator/internal/controller/function_controller.go:1263.47,1272.12 2 1
github.com/lucasgois1/zenith-operator/internal/controller/function_controller.go:1276.3,1276.38 1 0
github.com/lucasgois1/zenith-operator/internal/controller/function_controller.go:1279.2,1279.17 1 1
github.com/lucasgois1/zenith-operator/internal/controller/function_controller.go:1282.110,1284.41 2 1
github.com/lucasgois1/zenith-operator/internal/controller/function_controller.go:1284.41,1286.3 1 1
github.com/lucasgois1/zenith-operator/internal/controller/function_controller.go:1288.2,1309.3 1 1
github.com/lucasgois1/zenith-operator/internal/controller/function_controller.go:1316.144,1325.31 5 1
github.com/lucasgois1/zenith-operator/internal/controller/function_controller.go:1325.31,1326.38 1 1
github.com/lucasgois1/zenith-operator/internal/controller/function_controller.go:1326.38,1328.4 1 1
github.com/lucasgois1/zenith-operator/internal/controller/function_controller.go:1329.3,1329.39 1 1
github.com/lucasgois1/zenith-operator/internal/controller/function_controller.go:1329.39,1331.4 1 1
github.com/lucasgois1/zenith-operator/internal/controller/function_controller.go:1332.3,1335.23 1 1
github.com/lucasgois1/zenith-operator/internal/controller/function_controller.go:1340.2,1340.62 1 1
github.com/lucasgois1/zenith-operator/internal/controller/function_controller.go:1340.62,1341.33 1 1
github.com/lucasgois1/zenith-operator/internal/controller/function_controller.go:1341.33,1342.12 1 1
github.com/lucasgois1/zenith-operator/internal/controller/function_controller.go:1346.3,1351.17 3 1
github.com/lucasgois1/zenith-operator/internal/controller/function_controller.go:1351.17,1355.12 2 1
github.com/lucasgois1/zenith-operator/internal/controller/function_controller.go:1359.3,1359.27 1 1
github.com/lucasgois1/zenith-operator/internal/controller/function_controller.go:1359.27,1360.12 1 1
github.com/lucasgois1/zenith-operator/internal/controller/function_controller.go:1364.3,1365.64 2 1
github.com/lucasgois1/zenith-operator/internal/controller/function_controller.go:1365.64,1367.22 2 1
github.com/lucasgois1/zenith-operator/internal/controller/function_controller.go:1367.22,1369.5 1 1
github.com/lucasgois1/zenith-operator/internal/controller/function_controller.go:1372.4,1382.37 4 1
github.com/lucasgois1/zenith-operator/internal/controller/function_controller.go:1382.37,1384.5 1 1
github.com/lucasgois1/zenith-operator/internal/controller/function_controller.go:1387.4,1387.26 1 1
github.com/lucasgois1/zenith-operator/internal/controller/function_controller.go:1391.2,1391.24 1 1
github.com/lucasgois1/zenith-operator/internal/controller/function_controller.go:1395.71,1404.2 1 0
github.com/lucasgois1/zenith-operator/internal/controller/tekton_tasks.go:45.93,49.61 2 1
github.com/lucasgois1/zenith-operator/internal/controller/tekton_tasks.go:49.61,52.3 2 0
github.com/lucasgois1/zenith-operator/internal/controller/tekton_tasks.go:55.2,55.69 1 1
github.com/lucasgois1/zenith-operator/internal/controller/tekton_tasks.go:55.69,58.3 2 0
github.com/lucasgois1/zenith-operator/internal/controller/tekton_tasks.go:60.2,61.12 2 1
github.com/lucasgois1/zenith-operator/internal/controller/tekton_tasks.go:65.94,71.16 4 1
github.com/lucasgois1/zenith-operator/internal/controller/tekton_tasks.go:71.16,73.60 1 1
github.com/lucasgois1/zenith-operator/internal/controller/tekton_tasks.go:73.60,76.4 2 1
github.com/lucasgois1/zenith-operator/internal/controller/tekton_tasks.go:78.3,79.13 2 1
github.com/lucasgois1/zenith-operator/internal/controller/tekton_tasks.go:82.2,82.29 1 1
github.com/lucasgois1/zenith-operator/internal/controller/tekton_tasks.go:82.29,84.3 1 0
github.com/lucasgois1/zenith-operator/internal/controller/tekton_tasks.go:87.2,88.44 2 1
github.com/lucasgois1/zenith-operator/internal/controller/tekton_tasks.go:88.44,90.3 1 0
github.com/lucasgois1/zenith-operator/internal/controller/tekton_tasks.go:92.2,93.12 2 1
github.com/lucasgois1/zenith-operator/internal/controller/tekton_tasks.go:97.102,103.16 4 1
github.com/lucasgois1/zenith-operator/internal/controller/tekton_tasks.go:103.16,105.60 1 1
github.com/lucasgois1/zenith-operator/internal/controller/tekton_tasks.go:105.60,108.4 2 1
github.com/lucasgois1/zenith-operator/internal/controller/tekton_tasks.go:110.3,111.13 2 0
github.com/lucasgois1/zenith-operator/internal/controller/tekton_tasks.go:114.2,114.29 1 1
github.com/lucasgois1/zenith-operator/internal/controller/tekton_tasks.go:114.29,116.3 1 0
github.com/lucasgois1/zenith-operator/internal/controller/tekton_tasks.go:119.2,120.44 2 1
github.com/lucasgois1/zenith-operator/internal/controller/tekton_tasks.go:120.44,122.3 1 0
github.com/lucasgois1/zenith-operator/internal/controller/tekton_tasks.go:124.2,125.12 2 1
github.com/lucasgois1/zenith-operator/internal/controller/tekton_tasks.go:129.81,213.2 1 1
github.com/lucasgois1/zenith-operator/internal/controller/tekton_tasks.go:304.89,372.2 1 1
github.com/lucasgois1/zenith-operator/internal/controller/tekton_tasks.go:375.45,562.2 1 1
github.com/lucasgois1/zenith-operator/internal/controller/tekton_tasks.go:565.31,567.2 1 1
